Using pre-set license
Built from '2020.3/staging' branch; Version is '2020.3.18f1 (a7d1c678663c) revision 10998214'; Using compiler version '192528614'; Build Type 'Release'
OS: 'Windows 10 Home; OS build 19042.1237; Version 2009; 64bit' Language: 'ja' Physical Memory: 7530 MB
BatchMode: 1, IsHumanControllingUs: 0, StartBugReporterOnCrash: 0, Is64bit: 1, IsPro: 0

COMMAND LINE ARGUMENTS:
C:\Program Files\2020.3.18f1\Editor\Unity.exe
-adb2
-batchMode
-noUpm
-name
AssetImportWorker0
-projectPath
C:/Lesson2/AssetTest
-logFile
Logs/AssetImportWorker0.log
-srvPort
58924
Successfully changed project path to: C:/Lesson2/AssetTest
C:/Lesson2/AssetTest
Using Asset Import Pipeline V2.
Refreshing native plugins compatible for Editor in 29.28 ms, found 2 plugins.
Preloading 0 native plugins for Editor in 0.00 ms.
Initialize engine version: 2020.3.18f1 (a7d1c678663c)
[Subsystems] Discovering subsystems at path C:/Program Files/2020.3.18f1/Editor/Data/Resources/UnitySubsystems
[Subsystems] Discovering subsystems at path C:/Lesson2/AssetTest/Assets
GfxDevice: creating device client; threaded=0
Direct3D:
    Version:  Direct3D 11.0 [level 11.1]
    Renderer: AMD Radeon(TM) Graphics (ID=0x164c)
    Vendor:   
    VRAM:     3765 MB
    Driver:   27.20.21020.3005
Initialize mono
Mono path[0] = 'C:/Program Files/2020.3.18f1/Editor/Data/Managed'
Mono path[1] = 'C:/Program Files/2020.3.18f1/Editor/Data/MonoBleedingEdge/lib/mono/unityjit'
Mono config path = 'C:/Program Files/2020.3.18f1/Editor/Data/MonoBleedingEdge/etc'
Using monoOptions --debugger-agent=transport=dt_socket,embedding=1,server=y,suspend=n,address=127.0.0.1:56240
Begin MonoManager ReloadAssembly
Registering precompiled unity dll's ...
Register platform support module: C:/Program Files/2020.3.18f1/Editor/Data/PlaybackEngines/WebGLSupport/UnityEditor.WebGL.Extensions.dll
Register platform support module: C:/Program Files/2020.3.18f1/Editor/Data/PlaybackEngines/WindowsStandaloneSupport/UnityEditor.WindowsStandalone.Extensions.dll
Registered in 0.002701 seconds.
Native extension for WindowsStandalone target not found
Native extension for WebGL target not found
Refreshing native plugins compatible for Editor in 30.48 ms, found 2 plugins.
Preloading 0 native plugins for Editor in 0.00 ms.
Mono: successfully reloaded assembly
- Completed reload, in  1.175 seconds
Domain Reload Profiling:
	ReloadAssembly (1175ms)
		BeginReloadAssembly (55ms)
			ExecutionOrderSort (0ms)
			DisableScriptedObjects (0ms)
			BackupInstance (0ms)
			ReleaseScriptingObjects (0ms)
			CreateAndSetChildDomain (1ms)
		EndReloadAssembly (397ms)
			LoadAssemblies (53ms)
			RebuildTransferFunctionScriptingTraits (0ms)
			SetupTypeCache (141ms)
			ReleaseScriptCaches (0ms)
			RebuildScriptCaches (32ms)
			SetupLoadedEditorAssemblies (150ms)
				LogAssemblyErrors (0ms)
				InitializePlatformSupportModulesInManaged (5ms)
				SetLoadedEditorAssemblies (0ms)
				RefreshPlugins (31ms)
				BeforeProcessingInitializeOnLoad (13ms)
				ProcessInitializeOnLoadAttributes (75ms)
				ProcessInitializeOnLoadMethodAttributes (26ms)
				AfterProcessingInitializeOnLoad (0ms)
				EditorAssembliesLoaded (0ms)
			ExecutionOrderSort2 (0ms)
			AwakeInstancesAfterBackupRestoration (0ms)
Platform modules already initialized, skipping
Registering precompiled user dll's ...
Registered in 0.003204 seconds.
Begin MonoManager ReloadAssembly
Native extension for WindowsStandalone target not found
Native extension for WebGL target not found
Refreshing native plugins compatible for Editor in 0.42 ms, found 2 plugins.
Preloading 0 native plugins for Editor in 0.00 ms.
Mono: successfully reloaded assembly
- Completed reload, in  0.928 seconds
Domain Reload Profiling:
	ReloadAssembly (929ms)
		BeginReloadAssembly (139ms)
			ExecutionOrderSort (0ms)
			DisableScriptedObjects (4ms)
			BackupInstance (0ms)
			ReleaseScriptingObjects (0ms)
			CreateAndSetChildDomain (22ms)
		EndReloadAssembly (728ms)
			LoadAssemblies (79ms)
			RebuildTransferFunctionScriptingTraits (0ms)
			SetupTypeCache (248ms)
			ReleaseScriptCaches (0ms)
			RebuildScriptCaches (39ms)
			SetupLoadedEditorAssemblies (279ms)
				LogAssemblyErrors (0ms)
				InitializePlatformSupportModulesInManaged (6ms)
				SetLoadedEditorAssemblies (0ms)
				RefreshPlugins (1ms)
				BeforeProcessingInitializeOnLoad (83ms)
				ProcessInitializeOnLoadAttributes (179ms)
				ProcessInitializeOnLoadMethodAttributes (4ms)
				AfterProcessingInitializeOnLoad (7ms)
				EditorAssembliesLoaded (0ms)
			ExecutionOrderSort2 (0ms)
			AwakeInstancesAfterBackupRestoration (6ms)
Platform modules already initialized, skipping
========================================================================
Worker process is ready to serve import requests
Launched and connected shader compiler UnityShaderCompiler.exe after 0.06 seconds
Refreshing native plugins compatible for Editor in 0.34 ms, found 2 plugins.
Preloading 0 native plugins for Editor in 0.00 ms.
Unloading 1408 Unused Serialized files (Serialized files now loaded: 0)
System memory in use before: 67.8 MB.
System memory in use after: 67.9 MB.

Unloading 16 unused Assets to reduce memory usage. Loaded Objects now: 1843.
Total: 3.540400 ms (FindLiveObjects: 0.226200 ms CreateObjectMapping: 0.061800 ms MarkObjects: 3.171100 ms  DeleteObjects: 0.079800 ms)

AssetImportParameters requested are different than current active one (requested -> active):
  custom:framework-win-MediaFoundation: 216162199b28c13a410421893ffa2e32 -> 
  custom:video-decoder-ogg-theora: a1e56fd34408186e4bbccfd4996cb3dc -> 
  custom:container-muxer-webm: aa71ff27fc2769a1b78a27578f13a17b -> 
  custom:container-demuxer-webm: 4f35f7cbe854078d1ac9338744f61a02 -> 
  custom:container-demuxer-ogg: 62fdf1f143b41e24485cea50d1cbac27 -> 
  custom:video-encoder-webm-vp8: eb34c28f22e8b96e1ab97ce403110664 -> 
  custom:video-codec-MediaFoundation-h265: 746d11721c4dcdbdad8f713fa42b33f4 -> 
  custom:video-decoder-webm-vp8: 9c59270c3fd7afecdb556c50c9e8de78 -> 
  custom:audio-decoder-ogg-vorbis: bf7c407c2cedff20999df2af8eb42d56 -> 
  custom:audio-encoder-webm-vorbis: bf7c407c2cedff20999df2af8eb42d56 -> 
========================================================================
Received Import Request.
  path: Assets/GameScene/Lighting/ReflectionProbe-0.exr
  artifactKey: Guid(d5bcc8214a867e84f91ad265fa4957cf) Importer(815301076,1909f56bfc062723c751e8b465ee728b)
Start importing Assets/GameScene/Lighting/ReflectionProbe-0.exr using Guid(d5bcc8214a867e84f91ad265fa4957cf) Importer(815301076,1909f56bfc062723c751e8b465ee728b)  -> (artifact id: 'fb1d870cce7383529c8790425176d6e4') in 0.099874 seconds 
  Import took 0.102310 seconds .

========================================================================
Received Import Request.
  Time since last request: 0.000340 seconds.
  path: Assets/GameScene/Lighting/LightingData.asset
  artifactKey: Guid(b37ae9caa54b67d4eb3c190907e4a58c) Importer(815301076,1909f56bfc062723c751e8b465ee728b)
Start importing Assets/GameScene/Lighting/LightingData.asset using Guid(b37ae9caa54b67d4eb3c190907e4a58c) Importer(815301076,1909f56bfc062723c751e8b465ee728b) Lighting data asset ‘LightingData’ is inconsistent because 16 files out of 80 are missing.  Please use Generate Lighting to rebuild the lighting data.
 -> (artifact id: 'd26b964a4d8234d9572e3f6dcbadd988') in 0.054976 seconds 
  Import took 0.057089 seconds .

========================================================================
Received Import Request.
  Time since last request: 0.519563 seconds.
  path: Assets/GameScene/Lighting/LightingData.asset
  artifactKey: Guid(b37ae9caa54b67d4eb3c190907e4a58c) Importer(815301076,1909f56bfc062723c751e8b465ee728b)
Start importing Assets/GameScene/Lighting/LightingData.asset using Guid(b37ae9caa54b67d4eb3c190907e4a58c) Importer(815301076,1909f56bfc062723c751e8b465ee728b) Lighting data asset ‘LightingData’ is inconsistent because 16 files out of 80 are missing.  Please use Generate Lighting to rebuild the lighting data.
 -> (artifact id: 'd26b964a4d8234d9572e3f6dcbadd988') in 0.049332 seconds 
  Import took 0.052474 seconds .

========================================================================
Received Import Request.
  Time since last request: 464.853169 seconds.
  path: Assets/GameScene/Meshes/E.fbx
  artifactKey: Guid(1cbcae836e06eae48b4f2c625a242e57) Importer(815301076,1909f56bfc062723c751e8b465ee728b)
Start importing Assets/GameScene/Meshes/E.fbx using Guid(1cbcae836e06eae48b4f2c625a242e57) Importer(815301076,1909f56bfc062723c751e8b465ee728b)  -> (artifact id: '552d0474d2bfa3b64e3e0165a2b0b8f2') in 0.290696 seconds 
  Import took 0.293819 seconds .

========================================================================
Received Import Request.
  Time since last request: 0.000287 seconds.
  path: Assets/GameScene/Meshes/Key.fbx
  artifactKey: Guid(4d33af1d5ace71a4e880a973e877f81b) Importer(815301076,1909f56bfc062723c751e8b465ee728b)
Start importing Assets/GameScene/Meshes/Key.fbx using Guid(4d33af1d5ace71a4e880a973e877f81b) Importer(815301076,1909f56bfc062723c751e8b465ee728b)  -> (artifact id: '71141f20df9e31460862a3eae3d51e3b') in 0.022645 seconds 
  Import took 0.025051 seconds .

========================================================================
Received Import Request.
  Time since last request: 0.000440 seconds.
  path: Assets/GameScene/Meshes/Lamp.fbx
  artifactKey: Guid(ecef7ecef5e57474d8052336c2f91dd1) Importer(815301076,1909f56bfc062723c751e8b465ee728b)
Start importing Assets/GameScene/Meshes/Lamp.fbx using Guid(ecef7ecef5e57474d8052336c2f91dd1) Importer(815301076,1909f56bfc062723c751e8b465ee728b)  -> (artifact id: '36cbd6e2ba9054fc11a3fdd42bc6f06c') in 0.023590 seconds 
  Import took 0.026533 seconds .

========================================================================
Received Import Request.
  Time since last request: 0.000358 seconds.
  path: Assets/GameScene/Meshes/Shirts.fbx
  artifactKey: Guid(e606330f8978c0f47b9085d13f89b2b1) Importer(815301076,1909f56bfc062723c751e8b465ee728b)
Start importing Assets/GameScene/Meshes/Shirts.fbx using Guid(e606330f8978c0f47b9085d13f89b2b1) Importer(815301076,1909f56bfc062723c751e8b465ee728b)  -> (artifact id: 'd7600c947a5d636e241ffa195c468f54') in 0.022462 seconds 
  Import took 0.025170 seconds .

========================================================================
Received Import Request.
  Time since last request: 0.000228 seconds.
  path: Assets/GameScene/Meshes/PC.fbx
  artifactKey: Guid(781e72996729ce5499cfbf855904e311) Importer(815301076,1909f56bfc062723c751e8b465ee728b)
Start importing Assets/GameScene/Meshes/PC.fbx using Guid(781e72996729ce5499cfbf855904e311) Importer(815301076,1909f56bfc062723c751e8b465ee728b)  -> (artifact id: '53f2fcf379927970aa6a875c32be79b0') in 0.022329 seconds 
  Import took 0.025727 seconds .

========================================================================
Received Import Request.
  Time since last request: 208.576653 seconds.
  path: Assets/GameScene
  artifactKey: Guid(f8cc03b2906ad4d49b04808ae591bcf2) Importer(815301076,1909f56bfc062723c751e8b465ee728b)
Start importing Assets/GameScene using Guid(f8cc03b2906ad4d49b04808ae591bcf2) Importer(815301076,1909f56bfc062723c751e8b465ee728b)  -> (artifact id: '22a3d0c81814031c9b3f3822948737e0') in 0.010206 seconds 
  Import took 0.013843 seconds .

========================================================================
Received Import Request.
  Time since last request: 12.105654 seconds.
  path: Assets/GameScene/GameScene.unity
  artifactKey: Guid(0b18782437fc2334baebc4267ae1aa78) Importer(815301076,1909f56bfc062723c751e8b465ee728b)
Start importing Assets/GameScene/GameScene.unity using Guid(0b18782437fc2334baebc4267ae1aa78) Importer(815301076,1909f56bfc062723c751e8b465ee728b)  -> (artifact id: '53bc914db781ae51e13e3c90308c87af') in 0.009912 seconds 
  Import took 0.014615 seconds .

========================================================================
Received Prepare
Registering precompiled user dll's ...
Registered in 0.003076 seconds.
Begin MonoManager ReloadAssembly
Native extension for WindowsStandalone target not found
Native extension for WebGL target not found
Refreshing native plugins compatible for Editor in 0.35 ms, found 2 plugins.
Preloading 0 native plugins for Editor in 0.00 ms.
Mono: successfully reloaded assembly
- Completed reload, in  0.854 seconds
Domain Reload Profiling:
	ReloadAssembly (855ms)
		BeginReloadAssembly (110ms)
			ExecutionOrderSort (0ms)
			DisableScriptedObjects (4ms)
			BackupInstance (0ms)
			ReleaseScriptingObjects (0ms)
			CreateAndSetChildDomain (31ms)
		EndReloadAssembly (681ms)
			LoadAssemblies (76ms)
			RebuildTransferFunctionScriptingTraits (0ms)
			SetupTypeCache (250ms)
			ReleaseScriptCaches (1ms)
			RebuildScriptCaches (34ms)
			SetupLoadedEditorAssemblies (240ms)
				LogAssemblyErrors (0ms)
				InitializePlatformSupportModulesInManaged (5ms)
				SetLoadedEditorAssemblies (0ms)
				RefreshPlugins (0ms)
				BeforeProcessingInitializeOnLoad (74ms)
				ProcessInitializeOnLoadAttributes (150ms)
				ProcessInitializeOnLoadMethodAttributes (3ms)
				AfterProcessingInitializeOnLoad (7ms)
				EditorAssembliesLoaded (0ms)
			ExecutionOrderSort2 (0ms)
			AwakeInstancesAfterBackupRestoration (6ms)
Platform modules already initialized, skipping
Refreshing native plugins compatible for Editor in 0.36 ms, found 2 plugins.
Preloading 0 native plugins for Editor in 0.00 ms.
Unloading 1402 Unused Serialized files (Serialized files now loaded: 0)
System memory in use before: 71.3 MB.
System memory in use after: 71.4 MB.

Unloading 12 unused Assets to reduce memory usage. Loaded Objects now: 1880.
Total: 2.878400 ms (FindLiveObjects: 0.234000 ms CreateObjectMapping: 0.064500 ms MarkObjects: 2.551300 ms  DeleteObjects: 0.026700 ms)

AssetImportParameters requested are different than current active one (requested -> active):
  custom:framework-win-MediaFoundation: 216162199b28c13a410421893ffa2e32 -> 
  custom:video-decoder-ogg-theora: a1e56fd34408186e4bbccfd4996cb3dc -> 
  custom:container-muxer-webm: aa71ff27fc2769a1b78a27578f13a17b -> 
  custom:container-demuxer-webm: 4f35f7cbe854078d1ac9338744f61a02 -> 
  custom:container-demuxer-ogg: 62fdf1f143b41e24485cea50d1cbac27 -> 
  custom:video-encoder-webm-vp8: eb34c28f22e8b96e1ab97ce403110664 -> 
  custom:video-codec-MediaFoundation-h265: 746d11721c4dcdbdad8f713fa42b33f4 -> 
  custom:video-decoder-webm-vp8: 9c59270c3fd7afecdb556c50c9e8de78 -> 
  custom:audio-decoder-ogg-vorbis: bf7c407c2cedff20999df2af8eb42d56 -> 
  custom:audio-encoder-webm-vorbis: bf7c407c2cedff20999df2af8eb42d56 -> 
AssetImportWorkerClient::OnTransportError - code=2 error=End of file
